<?xml version="1.0" encoding="UTF-8"?>
<testsuite name="github.meloweh.antigrieflever.protection.ProtectionRegionTest" tests="9" skipped="0" failures="0" errors="0" timestamp="2026-06-16T12:42:57" hostname="steven" time="0.006">
  <properties/>
  <testcase name="containerAccessUsesProtectionOwnership()" classname="github.meloweh.antigrieflever.protection.ProtectionRegionTest" time="0.003"/>
  <testcase name="containerAutomationMustOriginateFromTrustedProtectedSpace()" classname="github.meloweh.antigrieflever.protection.ProtectionRegionTest" time="0.0"/>
  <testcase name="normalizesAbsoluteCuboidCoordinates()" classname="github.meloweh.antigrieflever.protection.ProtectionRegionTest" time="0.0"/>
  <testcase name="ownerPlacementsRemainProtected()" classname="github.meloweh.antigrieflever.protection.ProtectionRegionTest" time="0.001"/>
  <testcase name="parsesCenteredCuboidWithExactDimensions()" classname="github.meloweh.antigrieflever.protection.ProtectionRegionTest" time="0.0"/>
  <testcase name="nonOwnerPlacementsAreUnprotectedUntilTheClaimIsReactivated()" classname="github.meloweh.antigrieflever.protection.ProtectionRegionTest" time="0.0"/>
  <testcase name="activationNeverChangesThePlacementOwner()" classname="github.meloweh.antigrieflever.protection.ProtectionRegionTest" time="0.0"/>
  <testcase name="parsesSphericalRadius()" classname="github.meloweh.antigrieflever.protection.ProtectionRegionTest" time="0.0"/>
  <testcase name="rejectsRegionsBeyondConfiguredMaximum()" classname="github.meloweh.antigrieflever.protection.ProtectionRegionTest" time="0.001"/>
  <system-out><![CDATA[]]></system-out>
  <system-err><![CDATA[]]></system-err>
</testsuite>
